--------------------------------------------------------------------------------
Release 14.7 Trace  (lin64)
Copyright (c) 1995-2013 Xilinx, Inc.  All rights reserved.

/opt/Xilinx/14.7/ISE_DS/ISE/bin/lin64/unwrapped/trce -intstyle ise -v 3 -s 4 -n
3 -fastpaths -xml wam_m.twx wam_m.ncd -o wam_m.twr wam_m.pcf -ucf wam.ucf

Design file:              wam_m.ncd
Physical constraint file: wam_m.pcf
Device,package,speed:     xc3s100e,cp132,-4 (PRODUCTION 1.27 2013-10-13)
Report level:             verbose report

Environment Variable      Effect 
--------------------      ------ 
NONE                      No environment variables were set
--------------------------------------------------------------------------------

INFO:Timing:2698 - No timing constraints found, doing default enumeration.
INFO:Timing:3412 - To improve timing, see the Timing Closure User Guide (UG612).
INFO:Timing:2752 - To get complete path coverage, use the unconstrained paths 
   option. All paths that are not constrained will be reported in the 
   unconstrained paths section(s) of the report.
INFO:Timing:3339 - The clock-to-out numbers in this timing report are based on 
   a 50 Ohm transmission line loading model.  For the details of this model, 
   and for more information on accounting for different loading conditions, 
   please see the device datasheet.
INFO:Timing:3390 - This architecture does not support a default System Jitter 
   value, please add SYSTEM_JITTER constraint to the UCF to modify the Clock 
   Uncertainty calculation.
INFO:Timing:3389 - This architecture does not support 'Discrete Jitter' and 
   'Phase Error' calculations, these terms will be zero in the Clock 
   Uncertainty calculation.  Please make appropriate modification to 
   SYSTEM_JITTER to account for the unsupported Discrete Jitter and Phase 
   Error.



Data Sheet report:
-----------------
All values displayed in nanoseconds (ns)

Clock clk to Pad
------------+------------+------------------+--------+
            | clk (edge) |                  | Clock  |
Destination |   to PAD   |Internal Clock(s) | Phase  |
------------+------------+------------------+--------+
a2g<0>      |   10.212(R)|clk_BUFGP         |   0.000|
a2g<1>      |   10.241(R)|clk_BUFGP         |   0.000|
a2g<2>      |   10.426(R)|clk_BUFGP         |   0.000|
a2g<3>      |   10.665(R)|clk_BUFGP         |   0.000|
a2g<4>      |   10.408(R)|clk_BUFGP         |   0.000|
a2g<5>      |   10.734(R)|clk_BUFGP         |   0.000|
a2g<6>      |   10.083(R)|clk_BUFGP         |   0.000|
------------+------------+------------------+--------+

Clock to Setup on destination clock clk
---------------+---------+---------+---------+---------+
               | Src:Rise| Src:Fall| Src:Rise| Src:Fall|
Source Clock   |Dest:Rise|Dest:Rise|Dest:Fall|Dest:Fall|
---------------+---------+---------+---------+---------+
clk            |    4.245|         |         |         |
pse            |    2.352|         |         |         |
---------------+---------+---------+---------+---------+

Clock to Setup on destination clock pse
---------------+---------+---------+---------+---------+
               | Src:Rise| Src:Fall| Src:Rise| Src:Fall|
Source Clock   |Dest:Rise|Dest:Rise|Dest:Fall|Dest:Fall|
---------------+---------+---------+---------+---------+
pse            |    2.235|         |         |         |
---------------+---------+---------+---------+---------+


Analysis completed Fri Dec 30 06:11:41 2022 
--------------------------------------------------------------------------------

Trace Settings:
-------------------------
Trace Settings 

Peak Memory Usage: 339 MB



